SF:lib/src/field_mesh_client.dart
DA:10,1
DA:11,1
DA:12,1
DA:13,1
DA:14,1
DA:15,1
DA:22,1
DA:59,1
DA:63,1
DA:64,3
DA:65,1
DA:66,3
DA:67,2
DA:68,1
DA:69,1
DA:70,1
DA:71,1
DA:72,1
DA:73,1
DA:74,1
DA:75,1
DA:76,1
DA:78,2
DA:79,1
DA:80,1
DA:81,1
DA:82,1
DA:83,1
DA:84,1
DA:85,1
DA:87,2
DA:88,1
DA:89,2
DA:90,1
DA:91,1
DA:94,1
DA:96,3
DA:97,1
DA:98,3
DA:99,1
DA:100,3
DA:101,1
DA:103,3
DA:104,1
DA:106,3
DA:107,1
DA:109,3
DA:110,1
DA:112,3
DA:113,1
DA:115,3
DA:116,1
DA:118,3
DA:119,1
DA:121,3
DA:122,1
DA:124,2
DA:125,1
DA:126,2
DA:127,1
DA:128,1
DA:129,1
DA:130,2
DA:133,1
DA:136,1
DA:138,1
DA:140,3
DA:141,1
DA:143,2
DA:144,1
DA:146,2
DA:147,2
DA:148,1
DA:149,1
DA:150,1
DA:151,1
DA:152,2
DA:156,1
DA:161,2
DA:162,1
DA:163,2
DA:172,1
DA:173,0
DA:180,1
DA:181,2
DA:182,1
DA:183,2
DA:184,1
DA:185,2
DA:187,1
DA:189,2
DA:190,2
DA:191,2
DA:192,2
DA:194,1
DA:195,1
DA:196,1
DA:197,1
DA:201,1
DA:203,2
DA:204,2
DA:205,2
DA:206,2
DA:207,1
DA:210,1
DA:212,2
DA:213,2
DA:214,2
DA:215,1
DA:218,1
DA:219,1
DA:221,1
DA:225,1
DA:227,1
DA:228,1
DA:229,5
DA:232,1
DA:234,3
DA:237,1
DA:238,1
DA:246,1
DA:248,1
DA:250,1
DA:254,1
DA:256,1
DA:260,3
DA:261,2
DA:262,3
DA:263,2
DA:264,2
DA:265,1
DA:266,2
DA:267,2
DA:268,1
DA:270,1
DA:271,18
DA:276,1
DA:278,2
DA:279,2
DA:281,2
DA:282,2
DA:283,2
DA:284,2
DA:285,3
DA:291,1
DA:293,1
DA:295,1
DA:300,1
DA:302,1
DA:307,1
DA:308,1
DA:309,2
DA:312,1
DA:314,3
DA:317,1
DA:318,0
DA:326,1
DA:327,2
DA:329,1
DA:330,1
DA:331,2
DA:334,1
DA:338,1
DA:339,1
DA:343,1
DA:344,1
DA:348,0
DA:352,1
DA:356,1
DA:357,0
DA:359,3
DA:361,1
DA:362,1
DA:363,1
DA:364,2
DA:365,2
DA:366,2
DA:368,1
DA:372,1
DA:376,1
DA:377,0
DA:380,2
DA:381,2
DA:382,1
DA:385,1
DA:389,1
DA:392,3
DA:393,3
DA:394,3
DA:395,2
DA:399,1
DA:400,1
DA:401,4
DA:404,1
DA:405,1
DA:406,2
DA:407,2
DA:408,2
DA:409,2
DA:410,3
DA:411,2
DA:414,1
DA:415,1
DA:416,1
DA:417,1
DA:418,1
DA:419,1
DA:421,1
DA:426,1
DA:427,5
DA:429,1
DA:434,3
DA:435,2
DA:440,2
DA:443,1
DA:451,1
DA:453,0
DA:454,0
DA:455,0
DA:456,0
DA:457,0
DA:458,0
DA:459,0
DA:460,0
DA:461,0
DA:463,1
DA:464,1
DA:466,1
DA:467,1
DA:468,1
DA:469,3
DA:473,1
DA:474,2
DA:475,2
DA:476,2
DA:477,2
DA:478,3
DA:479,2
DA:481,0
DA:484,0
DA:487,2
DA:489,1
DA:490,1
DA:491,1
DA:492,3
DA:496,1
DA:497,1
DA:498,1
DA:499,1
DA:500,1
DA:501,1
DA:502,1
DA:503,1
DA:504,1
DA:505,1
DA:506,1
DA:507,2
DA:508,1
DA:509,2
DA:510,1
DA:511,1
DA:512,3
DA:515,1
DA:516,1
DA:517,1
DA:518,1
DA:519,1
DA:520,1
DA:524,1
DA:527,0
DA:528,0
DA:532,2
DA:534,5
DA:535,1
LF:274
LH:256
end_of_record
SF:lib/src/field_mesh_models.dart
DA:13,1
DA:25,3
DA:26,1
DA:27,2
DA:31,1
DA:38,1
DA:45,1
DA:70,1
DA:89,1
DA:93,1
DA:102,1
DA:125,1
DA:131,1
DA:151,1
DA:165,1
DA:180,3
LF:16
LH:16
end_of_record
