SF:lib/src/field_mesh_client.dart
DA:10,1
DA:11,1
DA:12,1
DA:13,1
DA:14,1
DA:15,1
DA:41,1
DA:45,1
DA:46,3
DA:47,1
DA:48,3
DA:49,2
DA:50,1
DA:51,1
DA:52,1
DA:53,1
DA:54,1
DA:55,1
DA:56,1
DA:57,1
DA:58,1
DA:60,2
DA:61,1
DA:62,1
DA:63,1
DA:64,1
DA:65,1
DA:66,1
DA:67,1
DA:69,2
DA:70,1
DA:71,2
DA:72,1
DA:73,1
DA:76,1
DA:78,3
DA:79,1
DA:80,3
DA:81,1
DA:82,3
DA:83,1
DA:85,3
DA:86,1
DA:88,3
DA:89,1
DA:91,3
DA:92,1
DA:94,3
DA:95,1
DA:97,3
DA:98,1
DA:100,3
DA:101,1
DA:103,3
DA:104,1
DA:106,3
DA:107,1
DA:109,2
DA:110,1
DA:112,2
DA:113,2
DA:114,1
DA:115,1
DA:116,1
DA:117,1
DA:118,2
DA:122,1
DA:124,2
DA:125,1
DA:126,2
DA:131,1
DA:132,0
DA:137,1
DA:138,2
DA:139,1
DA:140,2
DA:141,1
DA:142,2
DA:144,1
DA:146,2
DA:147,2
DA:148,2
DA:149,2
DA:151,1
DA:152,1
DA:153,1
DA:154,1
DA:158,1
DA:160,2
DA:161,2
DA:162,2
DA:163,2
DA:164,1
DA:167,1
DA:169,2
DA:170,2
DA:171,2
DA:172,1
DA:175,1
DA:177,1
DA:178,5
DA:181,1
DA:182,2
DA:183,1
DA:184,1
DA:192,1
DA:194,3
DA:195,2
DA:196,3
DA:197,2
DA:198,2
DA:199,1
DA:200,2
DA:201,2
DA:202,1
DA:204,1
DA:205,18
DA:209,1
DA:211,2
DA:212,2
DA:214,2
DA:215,2
DA:216,2
DA:217,2
DA:218,3
DA:224,1
DA:226,1
DA:227,1
DA:228,2
DA:231,3
DA:234,1
DA:235,2
DA:237,1
DA:241,1
DA:242,1
DA:246,1
DA:247,1
DA:251,0
DA:255,1
DA:259,1
DA:260,0
DA:262,3
DA:264,1
DA:265,1
DA:266,1
DA:267,2
DA:268,2
DA:269,2
DA:271,1
DA:275,1
DA:280,3
DA:281,2
DA:286,2
DA:289,1
DA:297,1
DA:299,0
DA:300,0
DA:301,0
DA:302,0
DA:303,0
DA:304,0
DA:305,0
DA:306,0
DA:307,0
DA:309,1
DA:311,2
DA:313,1
DA:314,1
DA:315,1
DA:316,3
DA:320,1
DA:321,1
DA:322,1
DA:323,1
DA:324,1
DA:325,1
DA:326,1
DA:327,1
DA:328,1
DA:329,1
DA:330,1
DA:331,2
DA:332,1
DA:333,2
DA:334,1
DA:335,1
DA:336,3
DA:339,1
DA:340,1
DA:341,1
DA:342,1
DA:343,1
DA:344,1
DA:348,1
DA:351,0
DA:352,0
DA:356,2
DA:358,5
DA:359,1
LF:199
LH:185
end_of_record
SF:lib/src/field_mesh_models.dart
DA:13,1
DA:25,3
DA:26,1
DA:27,2
DA:31,1
DA:38,1
DA:45,1
DA:70,1
DA:89,1
DA:93,1
DA:99,1
DA:105,1
DA:125,1
DA:139,1
DA:154,3
LF:15
LH:15
end_of_record
